<?xml version="1.0" encoding="UTF-8"?>
<!-- Generated by org.testng.reporters.JUnitReportReporter -->
<testsuite hostname="Sukanya" failures="0" tests="1" name="com.sspart.experiment1.TestCase" time="21.867" errors="0" timestamp="14 Apr 2019 06:44:21 GMT" skipped="0">
  <testcase classname="com.sspart.experiment1.TestCase" name="test02" time="21.867"/>
</testsuite> <!-- com.sspart.experiment1.TestCase -->
